# JRE version: OpenJDK Runtime Environment Zulu17.36+17-CA (17.0.4.1+1) (build 17.0.4.1+1-LTS)
# Java VM: OpenJDK 64-Bit Server VM Zulu17.36+17-CA (17.0.4.1+1-LTS, mixed mode, sharing, tiered, compressed oops, compressed class ptrs, g1 gc, windows-amd64)
GC Precious Log:
 CPUs: 4 total, 4 available
 Memory: 4011M
 Large Page Support: Disabled
 NUMA Support: Disabled
 Compressed Oops: Enabled (32-bit)
 Heap Region Size: 1M
 Heap Min Capacity: 256M
 Heap Initial Capacity: 256M
 Heap Max Capacity: 512M
 Pre-touch: Disabled
 Parallel Workers: 4
 Concurrent Workers: 1
 Concurrent Refinement Workers: 4
 Periodic GC: Disabled
Heap:
 garbage-first heap   total 262144K, used 160001K [0x00000000e0000000, 0x0000000100000000)
  region size 1024K, 96 young (98304K), 12 survivors (12288K)
 Metaspace       used 69223K, committed 69888K, reserved 278528K
  class space    used 9317K, committed 9600K, reserved 212992K
GC Heap History (20 events):
Event: 110.298 GC heap before
{Heap before GC invocations=13 (full 0):
 garbage-first heap   total 262144K, used 199205K [0x00000000e0000000, 0x0000000100000000)
  region size 1024K, 153 young (156672K), 4 survivors (4096K)
 Metaspace       used 57345K, committed 57856K, reserved 270336K
  class space    used 7826K, committed 8064K, reserved 212992K
}
Event: 110.309 GC heap after
{Heap after GC invocations=14 (full 0):
 garbage-first heap   total 262144K, used 47533K [0x00000000e0000000, 0x0000000100000000)
  region size 1024K, 5 young (5120K), 5 survivors (5120K)
 Metaspace       used 57345K, committed 57856K, reserved 270336K
  class space    used 7826K, committed 8064K, reserved 212992K
}
Event: 115.040 GC heap before
{Heap before GC invocations=14 (full 0):
 garbage-first heap   total 262144K, used 199085K [0x00000000e0000000, 0x0000000100000000)
  region size 1024K, 153 young (156672K), 5 survivors (5120K)
 Metaspace       used 57349K, committed 57856K, reserved 270336K
  class space    used 7826K, committed 8064K, reserved 212992K
}
Event: 115.051 GC heap after
{Heap after GC invocations=15 (full 0):
 garbage-first heap   total 262144K, used 46300K [0x00000000e0000000, 0x0000000100000000)
  region size 1024K, 4 young (4096K), 4 survivors (4096K)
 Metaspace       used 57349K, committed 57856K, reserved 270336K
  class space    used 7826K, committed 8064K, reserved 212992K
}
Event: 122.491 GC heap before
{Heap before GC invocations=15 (full 0):
 garbage-first heap   total 262144K, used 194780K [0x00000000e0000000, 0x0000000100000000)
  region size 1024K, 149 young (152576K), 4 survivors (4096K)
 Metaspace       used 60549K, committed 61056K, reserved 270336K
  class space    used 8250K, committed 8448K, reserved 212992K
}
Event: 122.557 GC heap after
{Heap after GC invocations=16 (full 0):
 garbage-first heap   total 262144K, used 48006K [0x00000000e0000000, 0x0000000100000000)
  region size 1024K, 6 young (6144K), 6 survivors (6144K)
 Metaspace       used 60549K, committed 61056K, reserved 270336K
  class space    used 8250K, committed 8448K, reserved 212992K
}
Event: 140.562 GC heap before
{Heap before GC invocations=17 (full 0):
 garbage-first heap   total 262144K, used 198534K [0x00000000e0000000, 0x0000000100000000)
  region size 1024K, 153 young (156672K), 6 survivors (6144K)
 Metaspace       used 68130K, committed 68736K, reserved 278528K
  class space    used 9182K, committed 9472K, reserved 212992K
}
Event: 140.695 GC heap after
{Heap after GC invocations=18 (full 0):
 garbage-first heap   total 262144K, used 59899K [0x00000000e0000000, 0x0000000100000000)
  region size 1024K, 16 young (16384K), 16 survivors (16384K)
 Metaspace       used 68130K, committed 68736K, reserved 278528K
  class space    used 9182K, committed 9472K, reserved 212992K
}
Event: 145.515 GC heap before
{Heap before GC invocations=19 (full 0):
 garbage-first heap   total 262144K, used 199163K [0x00000000e0000000, 0x0000000100000000)
  region size 1024K, 153 young (156672K), 16 survivors (16384K)
 Metaspace       used 68132K, committed 68736K, reserved 278528K
  class space    used 9182K, committed 9472K, reserved 212992K
}
Event: 145.547 GC heap after
{Heap after GC invocations=20 (full 0):
 garbage-first heap   total 262144K, used 59795K [0x00000000e0000000, 0x0000000100000000)
  region size 1024K, 6 young (6144K), 6 survivors (6144K)
 Metaspace       used 68132K, committed 68736K, reserved 278528K
  class space    used 9182K, committed 9472K, reserved 212992K
}
Event: 151.958 GC heap before
{Heap before GC invocations=20 (full 0):
 garbage-first heap   total 262144K, used 209299K [0x00000000e0000000, 0x0000000100000000)
  region size 1024K, 153 young (156672K), 6 survivors (6144K)
 Metaspace       used 68133K, committed 68736K, reserved 278528K
  class space    used 9183K, committed 9472K, reserved 212992K
}
Event: 151.974 GC heap after
{Heap after GC invocations=21 (full 0):
 garbage-first heap   total 262144K, used 62663K [0x00000000e0000000, 0x0000000100000000)
  region size 1024K, 9 young (9216K), 9 survivors (9216K)
 Metaspace       used 68133K, committed 68736K, reserved 278528K
  class space    used 9183K, committed 9472K, reserved 212992K
}
Event: 155.584 GC heap before
{Heap before GC invocations=21 (full 0):
 garbage-first heap   total 262144K, used 209095K [0x00000000e0000000, 0x0000000100000000)
  region size 1024K, 153 young (156672K), 9 survivors (9216K)
 Metaspace       used 68148K, committed 68736K, reserved 278528K
  class space    used 9184K, committed 9472K, reserved 212992K
}
Event: 155.607 GC heap after
{Heap after GC invocations=22 (full 0):
 garbage-first heap   total 262144K, used 66832K [0x00000000e0000000, 0x0000000100000000)
  region size 1024K, 13 young (13312K), 13 survivors (13312K)
 Metaspace       used 68148K, committed 68736K, reserved 278528K
  class space    used 9184K, committed 9472K, reserved 212992K
}
Event: 159.056 GC heap before
{Heap before GC invocations=22 (full 0):
 garbage-first heap   total 262144K, used 209168K [0x00000000e0000000, 0x0000000100000000)
  region size 1024K, 153 young (156672K), 13 survivors (13312K)
 Metaspace       used 68150K, committed 68736K, reserved 278528K
  class space    used 9184K, committed 9472K, reserved 212992K
}
Event: 159.112 GC heap after
{Heap after GC invocations=23 (full 0):
 garbage-first heap   total 262144K, used 69772K [0x00000000e0000000, 0x0000000100000000)
  region size 1024K, 13 young (13312K), 13 survivors (13312K)
 Metaspace       used 68150K, committed 68736K, reserved 278528K
  class space    used 9184K, committed 9472K, reserved 212992K
}
Event: 162.818 GC heap before
{Heap before GC invocations=23 (full 0):
 garbage-first heap   total 262144K, used 212108K [0x00000000e0000000, 0x0000000100000000)
  region size 1024K, 153 young (156672K), 13 survivors (13312K)
 Metaspace       used 68151K, committed 68736K, reserved 278528K
  class space    used 9184K, committed 9472K, reserved 212992K
}
Event: 162.854 GC heap after
{Heap after GC invocations=24 (full 0):
 garbage-first heap   total 262144K, used 72226K [0x00000000e0000000, 0x0000000100000000)
  region size 1024K, 12 young (12288K), 12 survivors (12288K)
 Metaspace       used 68151K, committed 68736K, reserved 278528K
  class space    used 9184K, committed 9472K, reserved 212992K
}
Event: 165.720 GC heap before
{Heap before GC invocations=24 (full 0):
 garbage-first heap   total 262144K, used 215586K [0x00000000e0000000, 0x0000000100000000)
  region size 1024K, 153 young (156672K), 12 survivors (12288K)
 Metaspace       used 68175K, committed 68800K, reserved 278528K
  class space    used 9184K, committed 9472K, reserved 212992K
}
Event: 165.820 GC heap after
{Heap after GC invocations=25 (full 0):
 garbage-first heap   total 262144K, used 76033K [0x00000000e0000000, 0x0000000100000000)
  region size 1024K, 12 young (12288K), 12 survivors (12288K)
 Metaspace       used 68175K, committed 68800K, reserved 278528K
  class space    used 9184K, committed 9472K, reserved 212992K
}

